<?xml version="1.0" encoding="UTF-8" ?>
<testsuite errors="0" failures="0" hostname="laboratorium" name="DBManagerTest" tests="1" time="0.059" timestamp="2012-02-03T08:06:00">
  <properties>
    <property name="ant.project.invoked-targets" value="junitTest" />
    <property name="java.runtime.name" value="Java(TM) SE Runtime Environment" />
    <property name="sun.boot.library.path" value="/usr/lib/jvm/java-6-sun-1.6.0.26/jre/lib/i386" />
    <property name="java.vm.version" value="20.1-b02" />
    <property name="ant.library.dir" value="/usr/local/apache-ant/apache-ant-1.8.2//lib" />
    <property name="ant.version" value="Apache Ant(TM) version 1.8.2 compiled on December 20 2010" />
    <property name="ant.java.version" value="1.6" />
    <property name="java.vm.vendor" value="Sun Microsystems Inc." />
    <property name="java.vendor.url" value="http://java.sun.com/" />
    <property name="path.separator" value=":" />
    <property name="java.vm.name" value="Java HotSpot(TM) Client VM" />
    <property name="file.encoding.pkg" value="sun.io" />
    <property name="user.country" value="PL" />
    <property name="sun.java.launcher" value="SUN_STANDARD" />
    <property name="sun.os.patch.level" value="unknown" />
    <property name="java.vm.specification.name" value="Java Virtual Machine Specification" />
    <property name="user.dir" value="/home/rafal/pjwstk/mpr/Kredyt" />
    <property name="java.runtime.version" value="1.6.0_26-b03" />
    <property name="java.awt.graphicsenv" value="sun.awt.X11GraphicsEnvironment" />
    <property name="basedir" value="/home/rafal/pjwstk/mpr/Kredyt" />
    <property name="java.endorsed.dirs" value="/usr/lib/jvm/java-6-sun-1.6.0.26/jre/lib/endorsed" />
    <property name="os.arch" value="i386" />
    <property name="java.io.tmpdir" value="/tmp" />
    <property name="ant.core.lib" value="/usr/local/apache-ant/apache-ant-1.8.2/lib/ant.jar" />
    <property name="line.separator" value="&#xa;" />
    <property name="java.vm.specification.vendor" value="Sun Microsystems Inc." />
    <property name="os.name" value="Linux" />
    <property name="ant.home" value="/usr/local/apache-ant/apache-ant-1.8.2/" />
    <property name="build.dir" value="bin" />
    <property name="ant.project.name" value="Kredyt" />
    <property name="sun.jnu.encoding" value="UTF-8" />
    <property name="java.library.path" value="/usr/lib/jvm/java-6-sun-1.6.0.26/jre/lib/i386/client:/usr/lib/jvm/java-6-sun-1.6.0.26/jre/lib/i386:/usr/lib/jvm/java-6-sun-1.6.0.26/jre/../lib/i386:/usr/java/packages/lib/i386:/lib:/usr/lib" />
    <property name="java.specification.name" value="Java Platform API Specification" />
    <property name="java.class.version" value="50.0" />
    <property name="lib.dir" value="lib" />
    <property name="sun.management.compiler" value="HotSpot Client Compiler" />
    <property name="os.version" value="2.6.32-38-generic" />
    <property name="ant.file" value="/home/rafal/pjwstk/mpr/Kredyt/build.xml" />
    <property name="ant.file.type.Kredyt" value="file" />
    <property name="user.home" value="/home/rafal" />
    <property name="user.timezone" value="" />
    <property name="java.awt.printerjob" value="sun.print.PSPrinterJob" />
    <property name="java.specification.version" value="1.6" />
    <property name="file.encoding" value="UTF-8" />
    <property name="user.name" value="rafal" />
    <property name="java.class.path" value="/home/rafal/pjwstk/mpr/Kredyt/bin:/home/rafal/pjwstk/mpr/Kredyt/bin/jar/Kredyt.jar:/home/rafal/pjwstk/mpr/Kredyt/lib/hsqldb.jar:/home/rafal/pjwstk/mpr/Kredyt/lib/junit-4.10.jar:/usr/local/apache-ant/apache-ant-1.8.2/lib/junit.jar:/usr/local/apache-ant/apache-ant-1.8.2/lib/ant-launcher.jar:/usr/local/apache-ant/apache-ant-1.8.2/lib/ant.jar:/usr/local/apache-ant/apache-ant-1.8.2/lib/ant-junit.jar:/usr/local/apache-ant/apache-ant-1.8.2/lib/ant-junit4.jar" />
    <property name="java.vm.specification.version" value="1.0" />
    <property name="java.home" value="/usr/lib/jvm/java-6-sun-1.6.0.26/jre" />
    <property name="ant.file.Kredyt" value="/home/rafal/pjwstk/mpr/Kredyt/build.xml" />
    <property name="sun.java.command" value="org.apache.tools.ant.taskdefs.optional.junit.JUnitTestRunner DBManagerTest filtertrace=true haltOnError=false haltOnFailure=false formatter=org.apache.tools.ant.taskdefs.optional.junit.SummaryJUnitResultFormatter showoutput=false outputtoformatters=true logfailedtests=true logtestlistenerevents=false formatter=org.apache.tools.ant.taskdefs.optional.junit.XMLJUnitResultFormatter,/home/rafal/pjwstk/mpr/Kredyt/rap/TEST-DBManagerTest.xml crashfile=/home/rafal/pjwstk/mpr/Kredyt/junitvmwatcher7415648902823535175.properties propsfile=/home/rafal/pjwstk/mpr/Kredyt/junit2493387671426279763.properties" />
    <property name="sun.arch.data.model" value="32" />
    <property name="java.specification.vendor" value="Sun Microsystems Inc." />
    <property name="user.language" value="pl" />
    <property name="classes.dir" value="bin/classes" />
    <property name="java.vm.info" value="mixed mode, sharing" />
    <property name="java.version" value="1.6.0_26" />
    <property name="java.ext.dirs" value="/usr/lib/jvm/java-6-sun-1.6.0.26/jre/lib/ext:/usr/java/packages/lib/ext" />
    <property name="sun.boot.class.path" value="/usr/lib/jvm/java-6-sun-1.6.0.26/jre/lib/resources.jar:/usr/lib/jvm/java-6-sun-1.6.0.26/jre/lib/rt.jar:/usr/lib/jvm/java-6-sun-1.6.0.26/jre/lib/sunrsasign.jar:/usr/lib/jvm/java-6-sun-1.6.0.26/jre/lib/jsse.jar:/usr/lib/jvm/java-6-sun-1.6.0.26/jre/lib/jce.jar:/usr/lib/jvm/java-6-sun-1.6.0.26/jre/lib/charsets.jar:/usr/lib/jvm/java-6-sun-1.6.0.26/jre/lib/modules/jdk.boot.jar:/usr/lib/jvm/java-6-sun-1.6.0.26/jre/classes" />
    <property name="java.vendor" value="Sun Microsystems Inc." />
    <property name="file.separator" value="/" />
    <property name="src.dir" value="src" />
    <property name="java.vendor.url.bug" value="http://java.sun.com/cgi-bin/bugreport.cgi" />
    <property name="sun.cpu.endian" value="little" />
    <property name="sun.io.unicode.encoding" value="UnicodeLittle" />
    <property name="main-class" value="pl.edu.pjwstk.mpr.db.Main" />
    <property name="ant.file.type" value="file" />
    <property name="katalogRaportow.dir" value="rap" />
    <property name="sun.desktop" value="gnome" />
    <property name="jar.dir" value="bin/jar" />
    <property name="sun.cpu.isalist" value="" />
  </properties>
  <testcase classname="DBManagerTest" name="testDBName" time="0.0030" />
  <system-out><![CDATA[]]></system-out>
  <system-err><![CDATA[]]></system-err>
</testsuite>
